04/18/2022 06:29:28 PM: INFO: ****************************test_homePageTitle***************************
04/18/2022 06:29:28 PM: INFO: Verifying Home Page Title
04/18/2022 06:29:29 PM: INFO: Validation result : PASSED
04/18/2022 06:29:34 PM: INFO: ****************************test_login***************************
04/18/2022 06:29:34 PM: INFO: Verifying Login test
04/18/2022 06:29:39 PM: INFO: Validation result : PASSED
04/18/2022 06:30:37 PM: INFO: ****************************test_homePageTitle***************************
04/18/2022 06:30:37 PM: INFO: Verifying Home Page Title1
04/18/2022 06:30:39 PM: INFO: Validation result : PASSED
04/18/2022 06:30:44 PM: INFO: ****************************test_login***************************
04/18/2022 06:30:44 PM: INFO: Verifying Login test
04/18/2022 06:30:49 PM: ERROR: Validation result : FAILED
04/18/2022 06:31:36 PM: INFO: ****************************test_homePageTitle***************************
04/18/2022 06:31:36 PM: INFO: Verifying Home Page Title
04/18/2022 06:31:38 PM: INFO: Validation result : PASSED
04/18/2022 06:31:42 PM: INFO: ****************************test_login***************************
04/18/2022 06:31:42 PM: INFO: Verifying Login test
04/18/2022 06:31:49 PM: INFO: Validation result : PASSED
04/18/2022 08:38:07 PM: INFO: ****************************test_homePageTitle***************************
04/18/2022 08:38:07 PM: INFO: Verifying Home Page Title
04/18/2022 08:38:08 PM: INFO: Validation result : PASSED
04/18/2022 08:38:13 PM: INFO: ****************************test_login***************************
04/18/2022 08:38:13 PM: INFO: Verifying Login test
04/18/2022 08:38:20 PM: INFO: Validation result : PASSED
04/18/2022 08:38:54 PM: INFO: ****************************test_login***************************
04/18/2022 08:38:54 PM: INFO: Verifying Login test
04/18/2022 08:39:29 PM: INFO: Validation result : PASSED
04/18/2022 08:39:52 PM: INFO: ****************************test_homePageTitle***************************
04/18/2022 08:39:52 PM: INFO: Verifying Home Page Title
04/18/2022 08:39:55 PM: INFO: Validation result : PASSED
04/18/2022 08:40:07 PM: INFO: ****************************test_login***************************
04/18/2022 08:40:07 PM: INFO: Verifying Login test
04/18/2022 08:40:14 PM: INFO: Validation result : PASSED
04/18/2022 08:42:37 PM: INFO: ****************************test_homePageTitle***************************
04/18/2022 08:42:37 PM: INFO: Verifying Home Page Title
04/18/2022 08:47:45 PM: INFO: ****************************test_login***************************
04/18/2022 08:47:45 PM: INFO: Verifying Login test
04/18/2022 08:49:35 PM: INFO: ****************************test_homePageTitle***************************
04/18/2022 08:49:35 PM: INFO: Verifying Home Page Title
04/18/2022 08:51:52 PM: INFO: ****************************test_homePageTitle***************************
04/18/2022 08:51:52 PM: INFO: Verifying Home Page Title
04/18/2022 08:51:55 PM: INFO: Validation result : PASSED
04/18/2022 08:51:59 PM: INFO: ****************************test_login***************************
04/18/2022 08:51:59 PM: INFO: Verifying Login test
04/18/2022 08:52:05 PM: INFO: Validation result : PASSED
04/18/2022 08:53:55 PM: INFO: ****************************test_login***************************
04/18/2022 08:53:55 PM: INFO: Verifying Login test
04/18/2022 08:53:55 PM: INFO: ****************************test_homePageTitle***************************
04/18/2022 08:53:55 PM: INFO: Verifying Home Page Title
04/18/2022 08:53:56 PM: INFO: Validation result : PASSED
04/18/2022 08:54:00 PM: INFO: Validation result : PASSED
04/18/2022 08:54:29 PM: INFO: ****************************test_login***************************
04/18/2022 08:54:29 PM: INFO: Verifying Login test
04/18/2022 08:54:29 PM: INFO: ****************************test_homePageTitle***************************
04/18/2022 08:54:29 PM: INFO: Verifying Home Page Title
04/18/2022 08:54:31 PM: INFO: Validation result : PASSED
04/18/2022 08:54:35 PM: INFO: Validation result : PASSED
04/18/2022 11:33:16 PM: INFO: ****************************test_login***************************
04/18/2022 11:33:16 PM: INFO: Verifying Login test
04/18/2022 11:33:16 PM: INFO: ****************************test_homePageTitle***************************
04/18/2022 11:33:16 PM: INFO: Verifying Home Page Title
04/18/2022 11:33:17 PM: INFO: Validation result : PASSED
04/18/2022 11:33:22 PM: INFO: Validation result : PASSED
04/18/2022 11:35:53 PM: INFO: ****************************test_login***************************
04/18/2022 11:35:53 PM: INFO: Verifying Login test
04/18/2022 11:35:53 PM: INFO: ****************************test_homePageTitle***************************
04/18/2022 11:35:53 PM: INFO: Verifying Home Page Title
04/18/2022 11:35:55 PM: INFO: Validation result : PASSED
04/18/2022 11:35:58 PM: INFO: Validation result : PASSED
04/18/2022 11:46:18 PM: INFO: ****************************test_login***************************
04/18/2022 11:46:18 PM: INFO: Verifying Login test
04/18/2022 11:46:18 PM: INFO: ****************************test_homePageTitle***************************
04/18/2022 11:46:18 PM: INFO: Verifying Home Page Title
04/18/2022 11:46:20 PM: INFO: Validation result : PASSED
04/18/2022 11:46:23 PM: INFO: Validation result : PASSED
04/18/2022 11:48:41 PM: INFO: ****************************test_homePageTitle***************************
04/18/2022 11:48:41 PM: INFO: Verifying Home Page Title
04/18/2022 11:48:41 PM: INFO: ****************************test_login***************************
04/18/2022 11:48:41 PM: INFO: Verifying Login test
04/18/2022 11:48:42 PM: INFO: Validation result : PASSED
04/18/2022 11:48:46 PM: INFO: Validation result : PASSED
04/19/2022 12:32:29 PM: INFO: ****************************test_loginDDT***************************
04/19/2022 12:32:29 PM: INFO: Verifying Login test
04/19/2022 12:34:49 PM: INFO: ****************************test_loginDDT***************************
04/19/2022 12:34:49 PM: INFO: Verifying Login test
04/19/2022 12:34:56 PM: INFO: TestData 1: Validation result : PASSED
04/19/2022 12:35:00 PM: INFO: TestData 1: Validation result : PASSED
04/19/2022 12:35:04 PM: INFO: TestData 1: Validation result : PASSED
04/19/2022 12:35:07 PM: INFO: TestData 1: Validation result : PASSED
04/19/2022 12:35:07 PM: INFO: loginDDT Validation PASSED
04/19/2022 12:35:08 PM: INFO: loginDDT Validation Completed
04/19/2022 12:36:19 PM: INFO: ****************************test_loginDDT***************************
04/19/2022 12:36:19 PM: INFO: Verifying Login test
04/19/2022 12:36:26 PM: INFO: TestData 1: Validation result : PASSED
04/19/2022 12:36:30 PM: INFO: TestData 2: Validation result : PASSED
04/19/2022 12:36:34 PM: INFO: TestData 3: Validation result : PASSED
04/19/2022 12:36:38 PM: INFO: TestData 4: Validation result : PASSED
04/19/2022 12:36:38 PM: INFO: loginDDT Validation PASSED
04/19/2022 12:36:38 PM: INFO: loginDDT Validation Completed
04/19/2022 06:21:33 PM: INFO: ****************************test_addCustomer***************************
04/19/2022 06:21:38 PM: INFO: Login successful
04/19/2022 06:21:38 PM: INFO: Validating add customer feature
04/19/2022 06:29:58 PM: INFO: ****************************test_addCustomer***************************
04/19/2022 06:30:03 PM: INFO: Login successful
04/19/2022 06:30:03 PM: INFO: Validating add customer feature
